{"level":"info","message":"::1 - - [08/Jul/2024:14:26:14 +0000] \"POST /getVehicleDetails HTTP/1.1\" 200 2 \"-\" \"PostmanRuntime/7.39.0\""}
{"level":"info","message":"::1 - - [08/Jul/2024:14:27:41 +0000] \"POST /signInWithMobile HTTP/1.1\" 200 49 \"-\" \"PostmanRuntime/7.39.0\""}
{"level":"info","message":"::1 - - [08/Jul/2024:14:28:00 +0000] \"POST /submitOtp HTTP/1.1\" 200 49 \"-\" \"PostmanRuntime/7.39.0\""}
{"level":"info","message":"::1 - - [08/Jul/2024:14:28:09 +0000] \"POST /getVehicleDetails HTTP/1.1\" 200 855 \"-\" \"PostmanRuntime/7.39.0\""}
{"level":"info","message":"::1 - - [08/Jul/2024:14:29:15 +0000] \"POST /getVehicleDetails HTTP/1.1\" 200 855 \"-\" \"PostmanRuntime/7.39.0\""}
{"level":"info","message":"::1 - - [08/Jul/2024:14:29:19 +0000] \"POST /submitOtp HTTP/1.1\" 200 53 \"-\" \"PostmanRuntime/7.39.0\""}
{"level":"info","message":"::1 - - [08/Jul/2024:14:29:22 +0000] \"POST /signInWithMobile HTTP/1.1\" 200 53 \"-\" \"PostmanRuntime/7.39.0\""}
{"level":"info","message":"::1 - - [08/Jul/2024:14:29:27 +0000] \"POST /changeServer HTTP/1.1\" 200 54 \"-\" \"PostmanRuntime/7.39.0\""}
{"level":"info","message":"::1 - - [08/Jul/2024:14:29:33 +0000] \"POST /getVehicleDetails HTTP/1.1\" 200 85 \"-\" \"PostmanRuntime/7.39.0\""}
{"level":"info","message":"::1 - - [08/Jul/2024:14:29:52 +0000] \"POST /submitOtp HTTP/1.1\" 200 85 \"-\" \"PostmanRuntime/7.39.0\""}
{"level":"info","message":"::1 - - [08/Jul/2024:14:30:08 +0000] \"POST /signInWithMobile HTTP/1.1\" 200 80 \"-\" \"PostmanRuntime/7.39.0\""}
{"level":"info","message":"::1 - - [08/Jul/2024:14:30:22 +0000] \"POST /signInWithMobile HTTP/1.1\" 200 49 \"-\" \"PostmanRuntime/7.39.0\""}
{"level":"info","message":"::1 - - [08/Jul/2024:14:31:06 +0000] \"POST /submitOtp HTTP/1.1\" 200 49 \"-\" \"PostmanRuntime/7.39.0\""}
{"level":"info","message":"::1 - - [08/Jul/2024:14:32:50 +0000] \"POST /getVehicleDetails HTTP/1.1\" 200 80 \"-\" \"PostmanRuntime/7.39.0\""}
{"level":"info","message":"::1 - - [08/Jul/2024:14:33:08 +0000] \"POST /getVehicleDetails HTTP/1.1\" 200 80 \"-\" \"PostmanRuntime/7.39.0\""}
{"level":"info","message":"::1 - - [08/Jul/2024:14:33:19 +0000] \"POST /changeServer HTTP/1.1\" 200 54 \"-\" \"PostmanRuntime/7.39.0\""}
{"level":"info","message":"::1 - - [08/Jul/2024:14:33:22 +0000] \"POST /getVehicleDetails HTTP/1.1\" 200 85 \"-\" \"PostmanRuntime/7.39.0\""}
{"level":"info","message":"::1 - - [08/Jul/2024:14:33:49 +0000] \"POST /signInWithMobile HTTP/1.1\" 200 49 \"-\" \"PostmanRuntime/7.39.0\""}
{"level":"info","message":"::1 - - [08/Jul/2024:14:34:09 +0000] \"POST /submitOtp HTTP/1.1\" 200 49 \"-\" \"PostmanRuntime/7.39.0\""}
{"level":"info","message":"::1 - - [08/Jul/2024:14:35:26 +0000] \"POST /getVehicleDetails HTTP/1.1\" 200 2 \"-\" \"PostmanRuntime/7.39.0\""}
{"level":"info","message":"::1 - - [08/Jul/2024:14:37:17 +0000] \"POST /signInWithMobile HTTP/1.1\" 200 49 \"-\" \"PostmanRuntime/7.39.0\""}
{"level":"info","message":"::1 - - [08/Jul/2024:14:37:23 +0000] \"POST /submitOtp HTTP/1.1\" 200 49 \"-\" \"PostmanRuntime/7.39.0\""}
{"level":"info","message":"::1 - - [08/Jul/2024:14:37:40 +0000] \"POST /signInWithMobile HTTP/1.1\" 200 53 \"-\" \"PostmanRuntime/7.39.0\""}
{"level":"info","message":"::1 - - [08/Jul/2024:14:40:54 +0000] \"POST /signInWithMobile HTTP/1.1\" 200 49 \"-\" \"PostmanRuntime/7.39.0\""}
{"level":"info","message":"::1 - - [08/Jul/2024:14:41:14 +0000] \"POST /submitOtp HTTP/1.1\" 200 49 \"-\" \"PostmanRuntime/7.39.0\""}
{"level":"info","message":"::1 - - [08/Jul/2024:14:41:24 +0000] \"POST /getVehicleDetails HTTP/1.1\" 200 855 \"-\" \"PostmanRuntime/7.39.0\""}
{"level":"info","message":"::1 - - [08/Jul/2024:14:41:45 +0000] \"POST /getVehicleDetails HTTP/1.1\" 200 855 \"-\" \"PostmanRuntime/7.39.0\""}
{"level":"info","message":"::1 - - [08/Jul/2024:14:42:12 +0000] \"POST /signInWithMobile HTTP/1.1\" 200 49 \"-\" \"PostmanRuntime/7.39.0\""}
{"level":"info","message":"::1 - - [08/Jul/2024:14:42:38 +0000] \"POST /submitOtp HTTP/1.1\" 200 49 \"-\" \"PostmanRuntime/7.39.0\""}
{"level":"info","message":"::1 - - [08/Jul/2024:14:42:55 +0000] \"POST /getVehicleDetails HTTP/1.1\" 200 1457 \"-\" \"PostmanRuntime/7.39.0\""}
{"level":"info","message":"::1 - - [08/Jul/2024:14:43:08 +0000] \"POST /getVehicleDetails HTTP/1.1\" 200 953 \"-\" \"PostmanRuntime/7.39.0\""}
{"level":"info","message":"::1 - - [08/Jul/2024:14:43:30 +0000] \"POST /changeServer HTTP/1.1\" 200 54 \"-\" \"PostmanRuntime/7.39.0\""}
{"level":"info","message":"::1 - - [08/Jul/2024:14:43:36 +0000] \"POST /submitOtp HTTP/1.1\" 200 85 \"-\" \"PostmanRuntime/7.39.0\""}
{"level":"info","message":"::1 - - [08/Jul/2024:14:43:44 +0000] \"POST /signInWithMobile HTTP/1.1\" 200 53 \"-\" \"PostmanRuntime/7.39.0\""}
{"level":"info","message":"::1 - - [08/Jul/2024:14:43:55 +0000] \"POST /signInWithMobile HTTP/1.1\" 200 49 \"-\" \"PostmanRuntime/7.39.0\""}
{"level":"info","message":"::1 - - [08/Jul/2024:14:44:12 +0000] \"POST /submitOtp HTTP/1.1\" 200 49 \"-\" \"PostmanRuntime/7.39.0\""}
{"level":"info","message":"::1 - - [08/Jul/2024:14:44:24 +0000] \"POST /getVehicleDetails HTTP/1.1\" 200 517 \"-\" \"PostmanRuntime/7.39.0\""}
{"level":"info","message":"::1 - - [08/Jul/2024:14:44:53 +0000] \"POST /changeServer HTTP/1.1\" 200 54 \"-\" \"PostmanRuntime/7.39.0\""}
{"level":"info","message":"::1 - - [08/Jul/2024:14:45:05 +0000] \"POST /getVehicleDetails HTTP/1.1\" 200 855 \"-\" \"PostmanRuntime/7.39.0\""}
{"level":"info","message":"::1 - - [08/Jul/2024:14:46:03 +0000] \"POST /getVehicleDetails HTTP/1.1\" 200 1457 \"-\" \"PostmanRuntime/7.39.0\""}
{"level":"info","message":"::1 - - [08/Jul/2024:14:46:23 +0000] \"POST /signInWithMobile HTTP/1.1\" 200 49 \"-\" \"PostmanRuntime/7.39.0\""}
{"level":"info","message":"::1 - - [08/Jul/2024:14:46:46 +0000] \"POST /submitOtp HTTP/1.1\" 200 49 \"-\" \"PostmanRuntime/7.39.0\""}
{"level":"info","message":"::1 - - [08/Jul/2024:14:46:58 +0000] \"POST /getVehicleDetails HTTP/1.1\" 200 860 \"-\" \"PostmanRuntime/7.39.0\""}
{"level":"info","message":"::1 - - [08/Jul/2024:14:47:35 +0000] \"POST /signInWithMobile HTTP/1.1\" 200 49 \"-\" \"PostmanRuntime/7.39.0\""}
{"level":"info","message":"::1 - - [08/Jul/2024:14:47:52 +0000] \"POST /submitOtp HTTP/1.1\" 200 49 \"-\" \"PostmanRuntime/7.39.0\""}
{"level":"info","message":"::1 - - [08/Jul/2024:14:48:11 +0000] \"POST /getVehicleDetails HTTP/1.1\" 200 1440 \"-\" \"PostmanRuntime/7.39.0\""}
{"level":"info","message":"::1 - - [08/Jul/2024:14:48:34 +0000] \"POST /changeServer HTTP/1.1\" 200 54 \"-\" \"PostmanRuntime/7.39.0\""}
{"level":"info","message":"::1 - - [08/Jul/2024:14:48:44 +0000] \"POST /getVehicleDetails HTTP/1.1\" 200 1470 \"-\" \"PostmanRuntime/7.39.0\""}
{"level":"info","message":"::1 - - [08/Jul/2024:14:48:57 +0000] \"POST /changeServer HTTP/1.1\" 200 54 \"-\" \"PostmanRuntime/7.39.0\""}
{"level":"info","message":"::1 - - [08/Jul/2024:14:49:09 +0000] \"POST /getVehicleDetails HTTP/1.1\" 200 860 \"-\" \"PostmanRuntime/7.39.0\""}
{"level":"info","message":"::1 - - [08/Jul/2024:14:49:18 +0000] \"POST /changeServer HTTP/1.1\" 200 54 \"-\" \"PostmanRuntime/7.39.0\""}
{"level":"info","message":"::1 - - [08/Jul/2024:14:49:37 +0000] \"POST /getVehicleDetails HTTP/1.1\" 200 1440 \"-\" \"PostmanRuntime/7.39.0\""}
{"level":"info","message":"::1 - - [08/Jul/2024:14:49:56 +0000] \"POST /getVehicleDetails HTTP/1.1\" 200 1440 \"-\" \"PostmanRuntime/7.39.0\""}
{"level":"info","message":"::1 - - [08/Jul/2024:14:50:55 +0000] \"POST /getVehicleDetails HTTP/1.1\" 200 855 \"-\" \"PostmanRuntime/7.39.0\""}
{"level":"info","message":"::1 - - [08/Jul/2024:15:55:01 +0000] \"POST /signInWithMobile HTTP/1.1\" 200 80 \"-\" \"PostmanRuntime/7.39.0\""}
{"level":"info","message":"::1 - - [08/Jul/2024:15:55:13 +0000] \"POST /signInWithMobile HTTP/1.1\" 200 49 \"-\" \"PostmanRuntime/7.39.0\""}
{"level":"info","message":"::1 - - [08/Jul/2024:15:55:38 +0000] \"POST /submitOtp HTTP/1.1\" 200 49 \"-\" \"PostmanRuntime/7.39.0\""}
{"level":"info","message":"::1 - - [09/Jul/2024:04:58:59 +0000] \"POST /signInWithMobile HTTP/1.1\" 200 80 \"-\" \"PostmanRuntime/7.39.0\""}
{"level":"info","message":"::1 - - [09/Jul/2024:04:59:13 +0000] \"POST /signInWithMobile HTTP/1.1\" 200 49 \"-\" \"PostmanRuntime/7.39.0\""}
{"level":"info","message":"::1 - - [09/Jul/2024:04:59:32 +0000] \"POST /submitOtp HTTP/1.1\" 200 38 \"-\" \"PostmanRuntime/7.39.0\""}
{"level":"info","message":"::1 - - [09/Jul/2024:04:59:41 +0000] \"POST /submitOtp HTTP/1.1\" 200 38 \"-\" \"PostmanRuntime/7.39.0\""}
{"level":"info","message":"::1 - - [09/Jul/2024:04:59:47 +0000] \"POST /submitOtp HTTP/1.1\" 200 38 \"-\" \"PostmanRuntime/7.39.0\""}
{"level":"info","message":"::1 - - [09/Jul/2024:05:00:01 +0000] \"POST /submitOtp HTTP/1.1\" 200 38 \"-\" \"PostmanRuntime/7.39.0\""}
{"level":"info","message":"::1 - - [09/Jul/2024:05:00:38 +0000] \"POST /signInWithMobile HTTP/1.1\" 200 49 \"-\" \"PostmanRuntime/7.39.0\""}
{"level":"info","message":"::1 - - [09/Jul/2024:05:00:47 +0000] \"POST /submitOtp HTTP/1.1\" 200 38 \"-\" \"PostmanRuntime/7.39.0\""}
{"level":"info","message":"::1 - - [09/Jul/2024:05:01:13 +0000] \"POST /submitOtp HTTP/1.1\" 200 38 \"-\" \"PostmanRuntime/7.39.0\""}
{"level":"info","message":"::1 - - [09/Jul/2024:05:01:27 +0000] \"POST /submitOtp HTTP/1.1\" 200 38 \"-\" \"PostmanRuntime/7.39.0\""}
{"level":"info","message":"::1 - - [09/Jul/2024:05:09:14 +0000] \"POST /signInWithMobile HTTP/1.1\" 200 49 \"-\" \"PostmanRuntime/7.39.0\""}
{"level":"info","message":"::1 - - [09/Jul/2024:05:09:20 +0000] \"POST /submitOtp HTTP/1.1\" 200 38 \"-\" \"PostmanRuntime/7.39.0\""}
{"level":"info","message":"::1 - - [09/Jul/2024:05:09:43 +0000] \"POST /submitOtp HTTP/1.1\" 200 38 \"-\" \"PostmanRuntime/7.39.0\""}
{"level":"info","message":"::1 - - [09/Jul/2024:05:10:07 +0000] \"POST /submitOtp HTTP/1.1\" 200 80 \"-\" \"PostmanRuntime/7.39.0\""}
{"level":"info","message":"::1 - - [09/Jul/2024:05:12:38 +0000] \"POST /signInWithMobile HTTP/1.1\" 200 49 \"-\" \"PostmanRuntime/7.39.0\""}
{"level":"info","message":"::1 - - [09/Jul/2024:05:12:46 +0000] \"POST /submitOtp HTTP/1.1\" 200 38 \"-\" \"PostmanRuntime/7.39.0\""}
{"level":"info","message":"::1 - - [09/Jul/2024:05:13:06 +0000] \"POST /submitOtp HTTP/1.1\" 200 38 \"-\" \"PostmanRuntime/7.39.0\""}
{"level":"info","message":"::1 - - [09/Jul/2024:05:13:21 +0000] \"POST /submitOtp HTTP/1.1\" 200 38 \"-\" \"PostmanRuntime/7.39.0\""}
{"level":"info","message":"::1 - - [09/Jul/2024:05:59:25 +0000] \"POST /signInWithMobile HTTP/1.1\" 200 49 \"-\" \"PostmanRuntime/7.39.0\""}
{"level":"info","message":"::1 - - [09/Jul/2024:05:59:32 +0000] \"POST /submitOtp HTTP/1.1\" 500 38 \"-\" \"PostmanRuntime/7.39.0\""}
{"level":"info","message":"::1 - - [09/Jul/2024:05:59:50 +0000] \"POST /submitOtp HTTP/1.1\" 500 38 \"-\" \"PostmanRuntime/7.39.0\""}
{"level":"info","message":"::1 - - [09/Jul/2024:06:00:00 +0000] \"POST /submitOtp HTTP/1.1\" 200 86 \"-\" \"PostmanRuntime/7.39.0\""}
{"level":"info","message":"::1 - - [09/Jul/2024:06:00:14 +0000] \"POST /getVehicleDetails HTTP/1.1\" 200 2 \"-\" \"PostmanRuntime/7.39.0\""}
{"level":"info","message":"::1 - - [09/Jul/2024:06:35:12 +0000] \"POST /signInWithMobile HTTP/1.1\" 200 49 \"-\" \"PostmanRuntime/7.39.0\""}
{"level":"info","message":"::1 - - [09/Jul/2024:06:35:29 +0000] \"POST /submitOtp HTTP/1.1\" 500 38 \"-\" \"PostmanRuntime/7.39.0\""}
{"level":"info","message":"::1 - - [09/Jul/2024:06:35:46 +0000] \"POST /getVehicleDetails HTTP/1.1\" 200 2 \"-\" \"PostmanRuntime/7.39.0\""}
{"level":"info","message":"::1 - - [09/Jul/2024:06:36:02 +0000] \"POST /getVehicleDetails HTTP/1.1\" 200 2 \"-\" \"PostmanRuntime/7.39.0\""}
{"level":"info","message":"::1 - - [09/Jul/2024:06:36:06 +0000] \"POST /submitOtp HTTP/1.1\" 200 86 \"-\" \"PostmanRuntime/7.39.0\""}
{"level":"info","message":"::1 - - [09/Jul/2024:06:42:50 +0000] \"POST /signInWithMobile HTTP/1.1\" 200 49 \"-\" \"PostmanRuntime/7.39.0\""}
{"level":"info","message":"::1 - - [09/Jul/2024:06:42:56 +0000] \"POST /submitOtp HTTP/1.1\" 500 38 \"-\" \"PostmanRuntime/7.39.0\""}
{"level":"info","message":"::1 - - [09/Jul/2024:06:43:21 +0000] \"POST /submitOtp HTTP/1.1\" 500 49 \"-\" \"PostmanRuntime/7.39.0\""}
{"level":"info","message":"::1 - - [09/Jul/2024:06:47:22 +0000] \"POST /signInWithMobile HTTP/1.1\" 200 49 \"-\" \"PostmanRuntime/7.39.0\""}
{"level":"info","message":"::1 - - [09/Jul/2024:06:47:29 +0000] \"POST /submitOtp HTTP/1.1\" 500 38 \"-\" \"PostmanRuntime/7.39.0\""}
{"level":"info","message":"::1 - - [09/Jul/2024:06:47:36 +0000] \"POST /submitOtp HTTP/1.1\" 500 38 \"-\" \"PostmanRuntime/7.39.0\""}
{"level":"info","message":"::1 - - [09/Jul/2024:06:47:55 +0000] \"POST /submitOtp HTTP/1.1\" 500 49 \"-\" \"PostmanRuntime/7.39.0\""}
{"level":"info","message":"::1 - - [09/Jul/2024:06:48:36 +0000] \"POST /signInWithMobile HTTP/1.1\" 200 49 \"-\" \"PostmanRuntime/7.39.0\""}
{"level":"info","message":"::1 - - [09/Jul/2024:06:48:38 +0000] \"POST /submitOtp HTTP/1.1\" 500 38 \"-\" \"PostmanRuntime/7.39.0\""}
{"level":"info","message":"::1 - - [09/Jul/2024:06:48:44 +0000] \"POST /submitOtp HTTP/1.1\" 500 38 \"-\" \"PostmanRuntime/7.39.0\""}
{"level":"info","message":"::1 - - [09/Jul/2024:06:49:03 +0000] \"POST /submitOtp HTTP/1.1\" 500 49 \"-\" \"PostmanRuntime/7.39.0\""}
{"level":"info","message":"::1 - - [09/Jul/2024:07:06:26 +0000] \"POST /signInWithMobile HTTP/1.1\" 200 49 \"-\" \"PostmanRuntime/7.39.0\""}
{"level":"info","message":"::1 - - [09/Jul/2024:07:06:42 +0000] \"POST /submitOtp HTTP/1.1\" 500 49 \"-\" \"PostmanRuntime/7.39.0\""}
{"level":"info","message":"::1 - - [09/Jul/2024:07:06:59 +0000] \"POST /getVehicleDetails HTTP/1.1\" 200 855 \"-\" \"PostmanRuntime/7.39.0\""}
{"level":"info","message":"::1 - - [09/Jul/2024:07:11:06 +0000] \"POST /signInWithMobile HTTP/1.1\" 200 49 \"-\" \"PostmanRuntime/7.39.0\""}
{"level":"info","message":"::1 - - [09/Jul/2024:07:11:16 +0000] \"POST /submitOtp HTTP/1.1\" 500 38 \"-\" \"PostmanRuntime/7.39.0\""}
{"level":"info","message":"::1 - - [09/Jul/2024:07:11:21 +0000] \"POST /submitOtp HTTP/1.1\" 500 38 \"-\" \"PostmanRuntime/7.39.0\""}
{"level":"info","message":"::1 - - [09/Jul/2024:07:11:30 +0000] \"POST /submitOtp HTTP/1.1\" 500 38 \"-\" \"PostmanRuntime/7.39.0\""}
{"level":"info","message":"::1 - - [09/Jul/2024:07:11:36 +0000] \"POST /submitOtp HTTP/1.1\" 500 38 \"-\" \"PostmanRuntime/7.39.0\""}
{"level":"info","message":"::1 - - [09/Jul/2024:07:14:13 +0000] \"POST /signInWithMobile HTTP/1.1\" 200 80 \"-\" \"PostmanRuntime/7.39.0\""}
{"level":"info","message":"::1 - - [09/Jul/2024:07:15:46 +0000] \"POST /signInWithMobile HTTP/1.1\" 200 49 \"-\" \"PostmanRuntime/7.39.0\""}
{"level":"info","message":"::1 - - [09/Jul/2024:07:15:49 +0000] \"POST /submitOtp HTTP/1.1\" 500 61 \"-\" \"PostmanRuntime/7.39.0\""}
{"level":"info","message":"::1 - - [09/Jul/2024:07:16:05 +0000] \"POST /submitOtp HTTP/1.1\" 500 61 \"-\" \"PostmanRuntime/7.39.0\""}
{"level":"info","message":"::1 - - [09/Jul/2024:07:16:20 +0000] \"POST /submitOtp HTTP/1.1\" 500 61 \"-\" \"PostmanRuntime/7.39.0\""}
{"level":"info","message":"::1 - - [09/Jul/2024:07:16:32 +0000] \"POST /submitOtp HTTP/1.1\" 500 61 \"-\" \"PostmanRuntime/7.39.0\""}
{"level":"info","message":"::1 - - [09/Jul/2024:07:16:34 +0000] \"POST /submitOtp HTTP/1.1\" 500 76 \"-\" \"PostmanRuntime/7.39.0\""}
{"level":"info","message":"::1 - - [09/Jul/2024:07:17:38 +0000] \"GET / HTTP/1.1\" 404 139 \"-\" \"Mozilla/5.0 (Windows NT 10.0; Win64; x64) AppleWebKit/537.36 (KHTML, like Gecko) Chrome/126.0.0.0 Safari/537.36\""}
{"level":"info","message":"::1 - - [09/Jul/2024:07:17:49 +0000] \"POST /signInWithMobile HTTP/1.1\" 200 49 \"-\" \"PostmanRuntime/7.39.0\""}
{"level":"info","message":"::1 - - [09/Jul/2024:07:17:59 +0000] \"POST /submitOtp HTTP/1.1\" 500 61 \"-\" \"PostmanRuntime/7.39.0\""}
{"level":"info","message":"::1 - - [09/Jul/2024:07:18:12 +0000] \"POST /submitOtp HTTP/1.1\" 500 61 \"-\" \"PostmanRuntime/7.39.0\""}
{"level":"info","message":"::1 - - [09/Jul/2024:07:19:12 +0000] \"POST /submitOtp HTTP/1.1\" - - \"-\" \"PostmanRuntime/7.39.0\""}
{"level":"info","message":"::1 - - [09/Jul/2024:07:19:59 +0000] \"POST /signInWithMobile HTTP/1.1\" 200 49 \"-\" \"PostmanRuntime/7.39.0\""}
{"level":"info","message":"::1 - - [09/Jul/2024:07:20:07 +0000] \"POST /submitOtp HTTP/1.1\" 500 61 \"-\" \"PostmanRuntime/7.39.0\""}
{"level":"info","message":"::1 - - [09/Jul/2024:07:20:12 +0000] \"POST /submitOtp HTTP/1.1\" 500 61 \"-\" \"PostmanRuntime/7.39.0\""}
{"level":"info","message":"::1 - - [09/Jul/2024:07:21:17 +0000] \"POST /submitOtp HTTP/1.1\" 200 49 \"-\" \"PostmanRuntime/7.39.0\""}
{"level":"info","message":"::1 - - [09/Jul/2024:07:22:02 +0000] \"POST /signInWithMobile HTTP/1.1\" 200 49 \"-\" \"PostmanRuntime/7.39.0\""}
{"level":"info","message":"::1 - - [09/Jul/2024:07:22:14 +0000] \"POST /submitOtp HTTP/1.1\" 500 61 \"-\" \"PostmanRuntime/7.39.0\""}
{"level":"info","message":"::1 - - [09/Jul/2024:07:22:35 +0000] \"POST /submitOtp HTTP/1.1\" 200 49 \"-\" \"PostmanRuntime/7.39.0\""}
{"level":"info","message":"::1 - - [09/Jul/2024:07:25:55 +0000] \"POST /signInWithMobile HTTP/1.1\" 200 49 \"-\" \"PostmanRuntime/7.39.0\""}
{"level":"info","message":"::1 - - [09/Jul/2024:07:26:17 +0000] \"POST /submitOtp HTTP/1.1\" 200 49 \"-\" \"PostmanRuntime/7.39.0\""}
{"level":"info","message":"::1 - - [09/Jul/2024:07:31:57 +0000] \"POST /signInWithMobile HTTP/1.1\" 201 53 \"-\" \"PostmanRuntime/7.39.0\""}
{"level":"info","message":"::1 - - [09/Jul/2024:07:32:24 +0000] \"POST /signInWithMobile HTTP/1.1\" 200 49 \"-\" \"PostmanRuntime/7.39.0\""}
{"level":"info","message":"::1 - - [09/Jul/2024:07:35:02 +0000] \"POST /signInWithMobile HTTP/1.1\" 200 49 \"-\" \"PostmanRuntime/7.39.0\""}
{"level":"info","message":"::1 - - [09/Jul/2024:07:35:27 +0000] \"POST /submitOtp HTTP/1.1\" 200 37 \"-\" \"PostmanRuntime/7.39.0\""}
{"level":"info","message":"::1 - - [09/Jul/2024:07:35:48 +0000] \"POST /submitOtp HTTP/1.1\" 201 53 \"-\" \"PostmanRuntime/7.39.0\""}
{"level":"info","message":"::1 - - [09/Jul/2024:07:36:23 +0000] \"POST /signInWithMobile HTTP/1.1\" 200 49 \"-\" \"PostmanRuntime/7.39.0\""}
{"level":"info","message":"::1 - - [09/Jul/2024:07:36:56 +0000] \"POST /submitOtp HTTP/1.1\" 500 38 \"-\" \"PostmanRuntime/7.39.0\""}
{"level":"info","message":"::1 - - [09/Jul/2024:07:37:18 +0000] \"POST /submitOtp HTTP/1.1\" 500 38 \"-\" \"PostmanRuntime/7.39.0\""}
{"level":"info","message":"::1 - - [09/Jul/2024:07:38:24 +0000] \"POST /signInWithMobile HTTP/1.1\" 200 49 \"-\" \"PostmanRuntime/7.39.0\""}
{"level":"info","message":"::1 - - [09/Jul/2024:07:39:02 +0000] \"POST /submitOtp HTTP/1.1\" 500 38 \"-\" \"PostmanRuntime/7.39.0\""}
{"level":"info","message":"::1 - - [09/Jul/2024:07:41:11 +0000] \"POST /signInWithMobile HTTP/1.1\" 200 49 \"-\" \"PostmanRuntime/7.39.0\""}
{"level":"info","message":"::1 - - [09/Jul/2024:07:41:20 +0000] \"POST /submitOtp HTTP/1.1\" 500 38 \"-\" \"PostmanRuntime/7.39.0\""}
{"level":"info","message":"::1 - - [09/Jul/2024:07:41:25 +0000] \"POST /submitOtp HTTP/1.1\" 500 38 \"-\" \"PostmanRuntime/7.39.0\""}
{"level":"info","message":"::1 - - [09/Jul/2024:07:41:33 +0000] \"POST /submitOtp HTTP/1.1\" 500 38 \"-\" \"PostmanRuntime/7.39.0\""}
{"level":"info","message":"::1 - - [09/Jul/2024:07:43:44 +0000] \"POST /signInWithMobile HTTP/1.1\" 200 49 \"-\" \"PostmanRuntime/7.39.0\""}
{"level":"info","message":"::1 - - [09/Jul/2024:07:43:53 +0000] \"POST /submitOtp HTTP/1.1\" 500 38 \"-\" \"PostmanRuntime/7.39.0\""}
{"level":"info","message":"::1 - - [09/Jul/2024:07:43:58 +0000] \"POST /submitOtp HTTP/1.1\" 500 38 \"-\" \"PostmanRuntime/7.39.0\""}
{"level":"info","message":"::1 - - [09/Jul/2024:07:51:17 +0000] \"POST /signInWithMobile HTTP/1.1\" 200 49 \"-\" \"PostmanRuntime/7.39.0\""}
{"level":"info","message":"::1 - - [09/Jul/2024:07:51:37 +0000] \"POST /submitOtp HTTP/1.1\" 200 49 \"-\" \"PostmanRuntime/7.39.0\""}
{"level":"info","message":"::1 - - [09/Jul/2024:07:52:39 +0000] \"POST /signInWithMobile HTTP/1.1\" 200 49 \"-\" \"PostmanRuntime/7.39.0\""}
{"level":"info","message":"::1 - - [09/Jul/2024:07:53:06 +0000] \"POST /submitOtp HTTP/1.1\" 200 49 \"-\" \"PostmanRuntime/7.39.0\""}
{"level":"info","message":"::1 - - [09/Jul/2024:07:54:30 +0000] \"POST /signInWithMobile HTTP/1.1\" 200 49 \"-\" \"PostmanRuntime/7.39.0\""}
{"level":"info","message":"::1 - - [09/Jul/2024:07:54:45 +0000] \"POST /submitOtp HTTP/1.1\" 200 49 \"-\" \"PostmanRuntime/7.39.0\""}
{"level":"info","message":"::1 - - [09/Jul/2024:07:56:55 +0000] \"POST /signInWithMobile HTTP/1.1\" 200 49 \"-\" \"PostmanRuntime/7.39.0\""}
{"level":"info","message":"::1 - - [09/Jul/2024:07:57:11 +0000] \"POST /submitOtp HTTP/1.1\" 200 49 \"-\" \"PostmanRuntime/7.39.0\""}
{"level":"info","message":"::1 - - [09/Jul/2024:07:59:57 +0000] \"POST /signInWithMobile HTTP/1.1\" 200 49 \"-\" \"PostmanRuntime/7.39.0\""}
{"level":"info","message":"::1 - - [09/Jul/2024:08:00:12 +0000] \"POST /submitOtp HTTP/1.1\" 200 49 \"-\" \"PostmanRuntime/7.39.0\""}
{"level":"info","message":"::1 - - [09/Jul/2024:08:03:02 +0000] \"POST /signInWithMobile HTTP/1.1\" 200 49 \"-\" \"PostmanRuntime/7.39.0\""}
{"level":"info","message":"::1 - - [09/Jul/2024:08:03:11 +0000] \"POST /submitOtp HTTP/1.1\" 200 49 \"-\" \"PostmanRuntime/7.39.0\""}
{"level":"info","message":"::1 - - [09/Jul/2024:08:04:21 +0000] \"POST /signInWithMobile HTTP/1.1\" 200 49 \"-\" \"PostmanRuntime/7.39.0\""}
{"level":"info","message":"::1 - - [09/Jul/2024:08:04:31 +0000] \"POST /submitOtp HTTP/1.1\" 200 49 \"-\" \"PostmanRuntime/7.39.0\""}
{"level":"info","message":"::1 - - [09/Jul/2024:08:05:00 +0000] \"POST /signInWithMobile HTTP/1.1\" 200 49 \"-\" \"PostmanRuntime/7.39.0\""}
{"level":"info","message":"::1 - - [09/Jul/2024:08:05:07 +0000] \"POST /submitOtp HTTP/1.1\" 500 40 \"-\" \"PostmanRuntime/7.39.0\""}
{"level":"info","message":"::1 - - [09/Jul/2024:08:05:22 +0000] \"POST /submitOtp HTTP/1.1\" 500 40 \"-\" \"PostmanRuntime/7.39.0\""}
{"level":"info","message":"::1 - - [09/Jul/2024:08:05:26 +0000] \"POST /submitOtp HTTP/1.1\" 500 40 \"-\" \"PostmanRuntime/7.39.0\""}
{"level":"info","message":"::1 - - [09/Jul/2024:08:05:31 +0000] \"POST /submitOtp HTTP/1.1\" 200 49 \"-\" \"PostmanRuntime/7.39.0\""}
{"level":"info","message":"::1 - - [09/Jul/2024:08:10:08 +0000] \"POST /signInWithMobile HTTP/1.1\" 200 49 \"-\" \"PostmanRuntime/7.39.0\""}
{"level":"info","message":"::1 - - [09/Jul/2024:08:17:26 +0000] \"POST /signInWithMobile HTTP/1.1\" 200 80 \"-\" \"PostmanRuntime/7.39.0\""}
{"level":"info","message":"::1 - - [09/Jul/2024:08:17:58 +0000] \"POST /signInWithMobile HTTP/1.1\" 200 80 \"-\" \"PostmanRuntime/7.39.0\""}
{"level":"info","message":"::1 - - [09/Jul/2024:08:18:12 +0000] \"POST /signInWithMobile HTTP/1.1\" 200 49 \"-\" \"PostmanRuntime/7.39.0\""}
